date: 2014-01-28 23:04:51.426
argv: node /home/kidlet/bin/hexo s
os: Linux 3.8.0-29-generic linux x64
version:
  hexo: 2.4.2
  http_parser: 1.0
  node: 0.10.24
  v8: 3.14.5.9
  ares: 1.9.0-DEV
  uv: 0.10.21
  zlib: 1.2.3
  modules: 11
  openssl: 1.0.1e
---

[debug] 23:04:51.208 Configuration file load successfully
[debug] 23:04:51.211 Version info checked successfully
[debug] 23:04:51.252 Loading database.
[debug] 23:04:51.315 Theme layout loaded
[debug] 23:04:51.339 Theme source loaded
[debug] 23:04:51.343 Theme configuration loaded
[debug] 23:04:51.352 Processed: CNAME
[debug] 23:04:51.353 Processed: img/2014/01/1.jpg
[debug] 23:04:51.356 Theme language files loaded
[debug] 23:04:51.383 Processed: _posts/hello2014.md
[debug] 23:04:51.389 Cache saved
[error] 23:04:51.412 Error: listen EADDRINUSE
Error: listen EADDRINUSE
    at errnoException (net.js:901:11)
    at Server._listen2 (net.js:1039:14)
    at listen (net.js:1061:10)
    at Server.listen (net.js:1127:5)
    at Function.app.listen (/home/kidlet/lib/node_modules/hexo/node_modules/express/lib/application.js:533:24)
    at /home/kidlet/lib/node_modules/hexo/lib/plugins/console/server.js:86:9
    at /home/kidlet/lib/node_modules/hexo/lib/post/load.js:66:7
    at /home/kidlet/lib/node_modules/hexo/node_modules/async/lib/async.js:116:25
    at /home/kidlet/lib/node_modules/hexo/node_modules/async/lib/async.js:24:16
    at exports.post (/home/kidlet/lib/node_modules/hexo/lib/plugins/generator/asset.js:50:3)
